2017-05-17 21:24:48: Setting variables
2017-05-17 21:24:48: Checking standby conditions
2017-05-17 21:24:51: Starting substrate rotation
2017-05-17 21:24:53: Opening arsenic cracker valve and shutter
2017-05-17 21:24:55: Waiting 180s
2017-05-17 21:27:55: Checking pressure
2017-05-17 21:27:55: Pressure looks good.
2017-05-17 21:27:55: Ramping to degassing temperature
2017-05-17 21:27:58: Ramping up Ga and In sources
2017-05-17 21:28:00: Waiting to reach Manip temperature of 750.00
2017-05-17 21:28:00: Waiting 657s
2017-05-17 21:39:19: Temp reached! Current T = 749.06+/-0.23
2017-05-17 21:39:19: Starting timer.
2017-05-17 21:39:19: Waiting 1800 seconds, of which 0.00s already elapsed.
2017-05-17 22:09:19: Timer is up!
2017-05-17 22:09:19: Going to GaAs growth conditions, setting manip to 750
2017-05-17 22:09:20: Waiting to reach Manip temperature of 750.00
2017-05-17 22:09:21: Temp reached! Current T = 750.00
2017-05-17 22:09:21: Opening Ga shutter and waiting growth time
2017-05-17 22:09:21: Waiting 1800s
2017-05-17 22:39:23: Ramping down Ga
2017-05-17 22:39:24: Ramping down Manipulator
2017-05-17 22:39:25: Waiting to reach Manip temperature of 300.00
2017-05-17 22:39:26: Waiting 267s
2017-05-17 22:48:42: Temp reached! Current T = 302.98+/-0.91
2017-05-17 22:48:42: Temperature reached 300, closing As valve and shutter
2017-05-17 22:48:44: Stopping substrate rotation
2017-05-17 22:49:00: Waiting 600s
2017-05-17 22:59:00: Recipe Done.
2017-05-17 22:59:00: Exiting cleanly...
