2017-05-25 10:35:36: Setting variables
2017-05-25 10:35:36: Checking standby conditions
2017-05-25 10:35:39: Starting substrate rotation
2017-05-25 10:35:40: Opening arsenic cracker valve and shutter
2017-05-25 10:35:42: Waiting 180s
2017-05-25 10:38:42: Checking pressure
2017-05-25 10:38:42: Pressure looks good.
2017-05-25 10:38:42: Converging with BFM for As pressure in GaAs growth
2017-05-25 10:38:42: Converging with BFM to 1.5e-06
2017-05-25 10:38:43: Moving BFM in
2017-05-25 10:38:43: Waiting 30s
2017-05-25 10:39:13: BFM inserted
2017-05-25 10:39:15: Waiting 30s
2017-05-25 10:39:45: Measuring BFM pressure
2017-05-25 10:40:27: Precision reached! Error = +/-0.58%
2017-05-25 10:40:27: BFM=1.4814058e-06+/-8.59383868594e-09, MBE=1.27e-08+/-4.58257569496e-10
2017-05-25 10:40:28: Adjusting calibration curve by 1.86e-08
2017-05-25 10:40:28: Set As valve to 27.97
2017-05-25 10:40:28: Waiting 30s
2017-05-25 10:40:58: Measuring BFM pressure
2017-05-25 10:41:40: Precision reached! Error = +/-0.00%
2017-05-25 10:41:40: BFM=1.513561e-06+/-4.23516473627e-22, MBE=1.3e-08+/-4.96308367532e-24
2017-05-25 10:41:42: Adjusting calibration curve by -1.36e-08
2017-05-25 10:41:42: Set As valve to 27.89
2017-05-25 10:41:42: Waiting 30s
2017-05-25 10:42:12: Measuring BFM pressure
2017-05-25 10:42:54: Precision reached! Error = +/-0.00%
2017-05-25 10:42:54: BFM=1.479109e-06+/-2.11758236814e-22, MBE=1.41e-08+/-3.72692903072e-09
2017-05-25 10:42:58: Adjusting calibration curve by 2.09e-08
2017-05-25 10:42:58: Set As valve to 28.02
2017-05-25 10:42:58: Moving BFM out
2017-05-25 10:42:58: Waiting 30s
2017-05-25 10:43:29: BFM retracted
2017-05-25 10:43:29: Ramping to degassing temperature
2017-05-25 10:43:30: Ramping up Ga and In sources
2017-05-25 10:43:32: Waiting to reach Manip temperature of 750.00
2017-05-25 10:43:32: Waiting 656s
2017-05-25 10:54:48: Temp reached! Current T = 749.05+/-0.27
2017-05-25 10:54:48: Starting timer.
2017-05-25 10:54:48: Waiting 600 seconds, of which 0.00s already elapsed.
2017-05-25 11:04:48: Timer is up!
2017-05-25 11:04:48: Going to GaAs growth conditions, setting manip to 750
2017-05-25 11:04:50: Waiting to reach Manip temperature of 750.00
2017-05-25 11:04:50: Waiting -2s
2017-05-25 11:05:02: Temp reached! Current T = 750.00+/-0.08
2017-05-25 11:05:02: Opening Ga shutter and waiting growth time
2017-05-25 11:05:03: Waiting 1800s
2017-05-25 11:35:06: Ramping down Ga
2017-05-25 11:35:06: Ramping down Manipulator
2017-05-25 11:35:08: Waiting to reach Manip temperature of 300.00
2017-05-25 11:35:08: Waiting 267s
2017-05-25 11:44:22: Temp reached! Current T = 302.74+/-0.94
2017-05-25 11:44:22: Temperature reached 300, closing As valve and shutter
2017-05-25 11:44:24: Stopping substrate rotation
2017-05-25 11:44:39: Waiting 600s
2017-05-25 11:54:39: Recipe Done.
2017-05-25 11:54:39: Exiting cleanly...
